c:\users\ostad\documents\github\lifeofghengis\bin\intermediates\win32\debug\vc143.pdb
c:\users\ostad\documents\github\lifeofghengis\bin\intermediates\win32\debug\vc143.idb
c:\users\ostad\documents\github\lifeofghengis\bin\intermediates\win32\debug\texturemanager.obj
c:\users\ostad\documents\github\lifeofghengis\bin\intermediates\win32\debug\ecs.obj
c:\users\ostad\documents\github\lifeofghengis\bin\intermediates\win32\debug\assetmanager.obj
c:\users\ostad\documents\github\lifeofghengis\bin\intermediates\win32\debug\game.obj
c:\users\ostad\documents\github\lifeofghengis\bin\intermediates\win32\debug\gameobject.obj
c:\users\ostad\documents\github\lifeofghengis\bin\intermediates\win32\debug\vector2d.obj
c:\users\ostad\documents\github\lifeofghengis\bin\intermediates\win32\debug\map.obj
c:\users\ostad\documents\github\lifeofghengis\bin\intermediates\win32\debug\main.obj
c:\users\ostad\documents\github\lifeofghengis\bin\intermediates\win32\debug\collision.obj
c:\users\ostad\documents\github\lifeofghengis\bin\intermediates\win32\debug\mainmenu.obj
c:\users\ostad\documents\github\lifeofghengis\bin\intermediates\win32\debug\collision.obj.enc
c:\users\ostad\documents\github\lifeofghengis\bin\intermediates\win32\debug\vc141.idb
c:\users\ostad\documents\github\lifeofghengis\bin\intermediates\win32\debug\vc141.pdb
c:\users\ostad\documents\github\lifeofghengis\bin\win32\debug\gengine.pdb
c:\users\ostad\documents\github\lifeofghengis\bin\win32\debug\gengine.ilk
c:\users\ostad\documents\github\lifeofghengis\bin\intermediates\win32\debug\birchengine.vcxproj.filelistabsolute.txt
c:\users\ostad\documents\github\lifeofghengis\bin\intermediates\win32\debug\gengine.tlog\cl.command.1.tlog
c:\users\ostad\documents\github\lifeofghengis\bin\intermediates\win32\debug\gengine.tlog\cl.read.1.tlog
c:\users\ostad\documents\github\lifeofghengis\bin\intermediates\win32\debug\gengine.tlog\cl.write.1.tlog
c:\users\ostad\documents\github\lifeofghengis\bin\intermediates\win32\debug\gengine.tlog\link-cvtres.read.1.tlog
c:\users\ostad\documents\github\lifeofghengis\bin\intermediates\win32\debug\gengine.tlog\link-cvtres.write.1.tlog
c:\users\ostad\documents\github\lifeofghengis\bin\intermediates\win32\debug\gengine.tlog\link-rc.read.1.tlog
c:\users\ostad\documents\github\lifeofghengis\bin\intermediates\win32\debug\gengine.tlog\link-rc.write.1.tlog
c:\users\ostad\documents\github\lifeofghengis\bin\intermediates\win32\debug\gengine.tlog\link.27040-cvtres.read.1.tlog
c:\users\ostad\documents\github\lifeofghengis\bin\intermediates\win32\debug\gengine.tlog\link.27040-cvtres.write.1.tlog
c:\users\ostad\documents\github\lifeofghengis\bin\intermediates\win32\debug\gengine.tlog\link.27040-rc.read.1.tlog
c:\users\ostad\documents\github\lifeofghengis\bin\intermediates\win32\debug\gengine.tlog\link.27040-rc.write.1.tlog
c:\users\ostad\documents\github\lifeofghengis\bin\intermediates\win32\debug\gengine.tlog\link.27040.read.1.tlog
c:\users\ostad\documents\github\lifeofghengis\bin\intermediates\win32\debug\gengine.tlog\link.27040.write.1.tlog
c:\users\ostad\documents\github\lifeofghengis\bin\intermediates\win32\debug\gengine.tlog\link.command.1.tlog
c:\users\ostad\documents\github\lifeofghengis\bin\intermediates\win32\debug\gengine.tlog\link.read.1.tlog
c:\users\ostad\documents\github\lifeofghengis\bin\intermediates\win32\debug\gengine.tlog\link.write.1.tlog
