d:\life of ghengis\bin\intermediates\win32\release\vc141.pdb
d:\life of ghengis\bin\intermediates\win32\release\vector2d.obj
d:\life of ghengis\bin\intermediates\win32\release\texturemanager.obj
d:\life of ghengis\bin\intermediates\win32\release\map.obj
d:\life of ghengis\bin\intermediates\win32\release\main.obj
d:\life of ghengis\bin\intermediates\win32\release\gameobject.obj
d:\life of ghengis\bin\intermediates\win32\release\game.obj
d:\life of ghengis\bin\intermediates\win32\release\ecs.obj
d:\life of ghengis\bin\intermediates\win32\release\collision.obj
d:\life of ghengis\bin\intermediates\win32\release\assetmanager.obj
d:\life of ghengis\bin\win32\release\gengine.ipdb
d:\life of ghengis\bin\win32\release\gengine.iobj
d:\life of ghengis\bin\win32\release\gengine.exe
d:\life of ghengis\bin\win32\release\gengine.pdb
d:\life of ghengis\bin\intermediates\win32\release\gengine.tlog\cl.command.1.tlog
d:\life of ghengis\bin\intermediates\win32\release\gengine.tlog\cl.read.1.tlog
d:\life of ghengis\bin\intermediates\win32\release\gengine.tlog\cl.write.1.tlog
d:\life of ghengis\bin\intermediates\win32\release\gengine.tlog\gengine.write.1u.tlog
d:\life of ghengis\bin\intermediates\win32\release\gengine.tlog\link.command.1.tlog
d:\life of ghengis\bin\intermediates\win32\release\gengine.tlog\link.read.1.tlog
d:\life of ghengis\bin\intermediates\win32\release\gengine.tlog\link.write.1.tlog
